\BOOKMARK [1][-]{section.1}{\376\377\004\020\004\075\004\075\004\076\004\102\004\060\004\106\004\070\004\117}{}% 1
\BOOKMARK [1][-]{section.2}{\376\377\004\022\004\062\004\065\004\064\004\065\004\075\004\070\004\065}{}% 2
\BOOKMARK [2][-]{subsection.2.1}{\376\377\004\020\004\072\004\102\004\103\004\060\004\073\004\114\004\075\004\076\004\101\004\102\004\114}{section.2}% 3
\BOOKMARK [2][-]{subsection.2.2}{\376\377\004\037\004\100\004\076\004\061\004\073\004\065\004\074\004\060}{section.2}% 4
\BOOKMARK [2][-]{subsection.2.3}{\376\377\004\046\004\065\004\073\004\114\000\040\004\100\004\060\004\061\004\076\004\102\004\113}{section.2}% 5
\BOOKMARK [2][-]{subsection.2.4}{\376\377\004\027\004\060\004\064\004\060\004\107\004\070}{section.2}% 6
\BOOKMARK [1][-]{section.3}{\376\377\004\036\004\061\004\111\004\070\004\065\000\040\004\101\004\062\004\065\004\064\004\065\004\075\004\070\004\117\000\040\004\076\000\040\004\070\004\075\004\065\004\100\004\106\004\070\004\070\000\040\004\067\004\100\004\065\004\075\004\070\004\117}{}% 7
\BOOKMARK [2][-]{subsection.3.1}{\376\377\004\036\004\077\004\100\004\065\004\064\004\065\004\073\004\065\004\075\004\070\004\065}{section.3}% 8
\BOOKMARK [2][-]{subsection.3.2}{\376\377\004\037\004\076\004\107\004\065\004\074\004\103\000\040\004\062\004\076\004\067\004\075\004\070\004\072\004\060\004\065\004\102\000?}{section.3}% 9
\BOOKMARK [1][-]{section.4}{\376\377\004\030\004\101\004\102\004\076\004\100\004\070\004\117\000\040\000P\000O\000V}{}% 10
\BOOKMARK [1][-]{section.5}{\376\377\004\037\004\100\004\070\004\100\004\076\004\064\004\075\004\113\004\065\000\040\004\103\004\101\004\073\004\076\004\062\004\070\004\117\000,\000\040\004\076\004\061\004\112\004\117\004\101\004\075\004\117\004\065\004\074\004\113\004\065\000\040\004\077\004\065\004\100\004\101\004\070\004\101\004\102\004\065\004\075\004\106\004\070\004\065\004\071}{}% 11
\BOOKMARK [2][-]{subsection.5.1}{\376\377\004\034\004\076\004\073\004\075\004\070\004\117}{section.5}% 12
\BOOKMARK [2][-]{subsection.5.2}{\376\377\004\041\004\075\004\065\004\066\004\075\004\113\004\065\000\040\004\061\004\103\004\100\004\070}{section.5}% 13
\BOOKMARK [1][-]{section.6}{\376\377\004\037\004\100\004\117\004\074\004\113\004\065\000\040\004\070\004\101\004\077\004\076\004\073\004\114\004\067\004\076\004\062\004\060\004\075\004\070\004\117\000\040\004\115\004\104\004\104\004\065\004\072\004\102\004\060}{}% 14
\BOOKMARK [2][-]{subsection.6.1}{\376\377\004\042\004\060\004\103\004\074\004\060\004\102\004\100\004\076\004\077}{section.6}% 15
\BOOKMARK [2][-]{subsection.6.2}{\376\377\004\020\004\075\004\076\004\100\004\102\004\076\004\101\004\072\004\076\004\077}{section.6}% 16
\BOOKMARK [2][-]{subsection.6.3}{\376\377\004\044\004\065\004\075\004\060\004\072\004\070\004\101\004\102\004\070\004\101\004\072\004\076\004\077\000\040\004\070\000\040\004\101\004\102\004\100\004\076\004\061\004\076\004\101\004\072\004\076\004\077}{section.6}% 17
\BOOKMARK [2][-]{subsection.6.4}{\376\377\004\027\004\076\004\076\004\102\004\100\004\076\004\077}{section.6}% 18
\BOOKMARK [2][-]{subsection.6.5}{\376\377\004\032\004\070\004\075\004\065\004\076\004\063\004\100\004\060\004\104}{section.6}% 19
\BOOKMARK [2][-]{subsection.6.6}{\376\377\000G\000I\000F}{section.6}% 20
\BOOKMARK [1][-]{section.7}{\376\377\004\032\004\076\004\101\004\062\004\065\004\075\004\075\004\113\004\065\000\040\004\070\004\101\004\077\004\076\004\073\004\114\004\067\004\076\004\062\004\060\004\075\004\070\004\117\000\040\004\115\004\104\004\104\004\065\004\072\004\102\004\060}{}% 21
\BOOKMARK [2][-]{subsection.7.1}{\376\377\004\032\004\060\004\064\004\100\004\076\004\062\004\060\004\117\000\040\004\107\004\060\004\101\004\102\004\076\004\102\004\060}{section.7}% 22
\BOOKMARK [2][-]{subsection.7.2}{\376\377\000P\000O\000V\000\040\004\077\004\100\004\076\004\077\004\065\004\073\004\073\004\065\004\100}{section.7}% 23
\BOOKMARK [1][-]{section.8}{\376\377\004\037\004\100\004\060\004\072\004\102\004\070\004\107\004\065\004\101\004\072\004\060\004\117\000\040\004\107\004\060\004\101\004\102\004\114}{}% 24
\BOOKMARK [2][-]{subsection.8.1}{\376\377\004\022\004\062\004\065\004\064\004\065\004\075\004\070\004\065\000\040\004\062\000\040\004\077\004\100\004\060\004\072\004\102\004\070\004\107\004\065\004\101\004\072\004\103\004\116\000\040\004\107\004\060\004\101\004\102\004\114}{section.8}% 25
\BOOKMARK [3][-]{subsubsection.8.1.1}{\376\377\004\032\004\100\004\070\004\062\004\076\004\110\004\070\004\077\004\075\004\076\000-\004\110\004\060\004\102\004\103\004\075\004\075\004\113\004\071\000\040\004\074\004\065\004\105\004\060\004\075\004\070\004\067\004\074}{subsection.8.1}% 26
\BOOKMARK [3][-]{subsubsection.8.1.2}{\376\377\004\034\004\076\004\102\004\076\004\100}{subsection.8.1}% 27
\BOOKMARK [3][-]{subsubsection.8.1.3}{\376\377\004\041\004\062\004\065\004\102\004\076\004\064\004\070\004\076\004\064\004\113}{subsection.8.1}% 28
\BOOKMARK [3][-]{subsubsection.8.1.4}{\376\377\004\034\004\070\004\072\004\100\004\076\004\072\004\076\004\075\004\102\004\100\004\076\004\073\004\073\004\065\004\100}{subsection.8.1}% 29
\BOOKMARK [3][-]{subsubsection.8.1.5}{\376\377\004\041\004\062\004\065\004\102\004\076\004\064\004\070\004\076\004\064\004\075\004\060\004\117\000\040\004\074\004\060\004\102\004\100\004\070\004\106\004\060}{subsection.8.1}% 30
\BOOKMARK [2][-]{subsection.8.2}{\376\377\004\032\004\076\004\100\004\077\004\103\004\101}{section.8}% 31
\BOOKMARK [3][-]{subsubsection.8.2.1}{\376\377\004\040\004\060\004\067\004\074\004\065\004\100\004\113}{subsection.8.2}% 32
\BOOKMARK [3][-]{subsubsection.8.2.2}{\376\377\004\024\004\065\004\102\004\060\004\073\004\070\000\040\0001\000-\0002}{subsection.8.2}% 33
\BOOKMARK [3][-]{subsubsection.8.2.3}{\376\377\004\024\004\076\004\077\004\076\004\073\004\075\004\070\004\102\004\065\004\073\004\114\004\075\004\113\004\065\000\040\004\077\004\076\004\064\004\077\004\076\004\100\004\072\004\070\000\040\000\050\0003\000-\004\117\000\040\004\064\004\065\004\102\004\060\004\073\004\114\000\051}{subsection.8.2}% 34
\BOOKMARK [3][-]{subsubsection.8.2.4}{\376\377\004\024\004\065\004\100\004\066\004\060\004\102\004\065\004\073\004\114\000\040\004\077\004\076\004\064\004\073\004\076\004\066\004\072\004\070\000\040\000\050\0004\000-\004\117\000\040\004\064\004\065\004\102\004\060\004\073\004\114\000\051}{subsection.8.2}% 35
\BOOKMARK [3][-]{subsubsection.8.2.5}{\376\377\004\041\004\061\004\076\004\100\004\072\004\060}{subsection.8.2}% 36
\BOOKMARK [2][-]{subsection.8.3}{\376\377\004\024\004\070\004\075\004\060\004\074\004\070\004\107\004\065\004\101\004\072\004\070\004\065\000\040\004\064\004\065\004\102\004\060\004\073\004\070\000\040\004\072\004\076\004\100\004\077\004\103\004\101\004\060}{section.8}% 37
\BOOKMARK [3][-]{subsubsection.8.3.1}{\376\377\004\034\004\076\004\102\004\076\004\100}{subsection.8.3}% 38
\BOOKMARK [3][-]{subsubsection.8.3.2}{\376\377\004\037\004\060\004\075\004\065\004\073\004\114\000\040\004\070\000\040\004\077\004\076\004\073}{subsection.8.3}% 39
\BOOKMARK [3][-]{subsubsection.8.3.3}{\376\377\004\050\004\060\004\102\004\103\004\075}{subsection.8.3}% 40
\BOOKMARK [3][-]{subsubsection.8.3.4}{\376\377\004\040\004\060\004\101\004\077\004\100\004\065\004\064\004\065\004\073\004\070\004\102\004\065\004\073\004\114\004\075\004\060\004\117\000\040\004\072\004\100\004\076\004\100\004\061\004\072\004\060}{subsection.8.3}% 41
\BOOKMARK [2][-]{subsection.8.4}{\376\377\004\024\004\076\004\077\004\076\004\073\004\075\004\070\004\102\004\065\004\073\004\114\004\075\004\113\004\065\000\040\004\102\004\065\004\105\004\075\004\070\004\107\004\065\004\101\004\072\004\070\004\065\000\040\004\103\004\073\004\103\004\107\004\110\004\065\004\075\004\070\004\117}{section.8}% 42
\BOOKMARK [3][-]{subsubsection.8.4.1}{\376\377\004\051\004\065\004\073\004\065\004\062\004\076\004\071\000\040\004\076\004\077\004\102\004\070\004\107\004\065\004\101\004\072\004\070\004\071\000\040\004\064\004\060\004\102\004\107\004\070\004\072}{subsection.8.4}% 43
\BOOKMARK [3][-]{subsubsection.8.4.2}{\376\377\004\041\004\062\004\065\004\102\004\076\004\064\004\070\004\076\004\064\004\113}{subsection.8.4}% 44
\BOOKMARK [3][-]{subsubsection.8.4.3}{\376\377\004\040\004\065\004\073\004\065\000\040\004\064\004\073\004\117\000\040\004\074\004\076\004\102\004\076\004\100\004\060}{subsection.8.4}% 45
\BOOKMARK [2][-]{subsection.8.5}{\376\377\004\037\004\100\004\076\004\063\004\100\004\060\004\074\004\074\004\070\004\100\004\076\004\062\004\060\004\075\004\070\004\065\000\040\004\074\004\060\004\102\004\100\004\070\004\106\004\113}{section.8}% 46
\BOOKMARK [3][-]{subsubsection.8.5.1}{\376\377\004\037\004\076\004\107\004\065\004\074\004\103\000\040\000A\000d\000a\000f\000r\000u\000i\000t\000\040\000N\000e\000o\000P\000i\000x\000e\000l\000\050\004\101\004\102\000.\000\040\000\043\0001\000\051}{subsection.8.5}% 47
\BOOKMARK [3][-]{subsubsection.8.5.2}{\376\377\004\040\004\060\004\061\004\076\004\102\004\060\000\040\004\101\000\040\004\064\004\060\004\075\004\075\004\113\004\074\004\070\000\040\000\050\004\101\004\102\000.\000\040\000\043\0002\000\051}{subsection.8.5}% 48
\BOOKMARK [3][-]{subsubsection.8.5.3}{\376\377\004\037\004\065\004\100\004\065\004\074\004\065\004\075\004\075\004\060\004\117\000\040\004\061\004\070\004\061\004\073\004\065\004\076\004\102\004\065\004\072\004\070\000\040\000\050\004\101\004\102\000.\000\043\0003\000-\0006\000\051}{subsection.8.5}% 49
\BOOKMARK [3][-]{subsubsection.8.5.4}{\376\377\004\044\004\103\004\075\004\072\004\106\004\070\004\117\000\040\004\103\004\101\004\102\004\060\004\075\004\076\004\062\004\072\004\070\000\040\000\050\004\101\004\102\000.\000\043\0007\000-\0001\0002\000\051}{subsection.8.5}% 50
\BOOKMARK [3][-]{subsubsection.8.5.5}{\376\377\004\037\004\076\004\101\004\102\004\076\004\117\004\075\004\075\004\060\004\117\000\040\004\104\004\103\004\075\004\072\004\106\004\070\004\117\000\040\000\050\004\101\004\102\000.\000\043\0001\0003\000-\0002\0002\000\051}{subsection.8.5}% 51
\BOOKMARK [3][-]{subsubsection.8.5.6}{\376\377\000l\000i\000n\000e\000s\000.\000h\000\040\004\070\004\073\004\070\000\040\004\072\004\060\004\072\000\040\004\101\004\062\004\117\004\067\004\060\004\102\004\114\000\040\004\034\004\032\000\040\004\070\000\040\004\060\004\061\004\101\004\076\004\073\004\116\004\102\004\075\004\076\000\040\004\073\004\116\004\061\004\076\004\071\000\040\004\057\004\037}{subsection.8.5}% 52
\BOOKMARK [2][-]{subsection.8.6}{\376\377\004\037\004\100\004\070\004\073\004\076\004\066\004\065\004\075\004\070\004\065}{section.8}% 53
\BOOKMARK [3][-]{subsubsection.8.6.1}{\376\377\004\104\004\103\004\075\004\072\004\106\004\070\004\070\000\040\000s\000e\000t\000u\000p\000\040\004\070\000\040\000d\000r\000a\000w}{subsection.8.6}% 54
\BOOKMARK [3][-]{subsubsection.8.6.2}{\376\377\004\032\004\075\004\076\004\077\004\072\004\070\000\040\004\070\000\040\004\102\004\065\004\072\004\101\004\102}{subsection.8.6}% 55
\BOOKMARK [3][-]{subsubsection.8.6.3}{\376\377\004\032\004\075\004\076\004\077\004\072\004\060\000\040\004\076\004\107\004\070\004\101\004\102\004\070\004\102\004\114}{subsection.8.6}% 56
\BOOKMARK [3][-]{subsubsection.8.6.4}{\376\377\004\044\004\103\004\075\004\072\004\106\004\070\004\117\000\040\004\072\004\100\004\103\004\063\004\076\004\062}{subsection.8.6}% 57
\BOOKMARK [3][-]{subsubsection.8.6.5}{\376\377\004\044\004\103\004\075\004\106\004\072\004\070\004\117\000\040\004\101\004\076\004\105\004\100\004\060\004\075\004\065\004\075\004\070\004\117}{subsection.8.6}% 58
\BOOKMARK [3][-]{subsubsection.8.6.6}{\376\377\004\044\004\103\004\075\004\072\004\106\004\070\004\117\000\040\004\075\004\060\004\066\004\060\004\102\004\070\004\117\000\040\004\072\004\075\004\076\004\077\004\072\004\070\000\040\004\074\004\113\004\110\004\070}{subsection.8.6}% 59
\BOOKMARK [3][-]{subsubsection.8.6.7}{\376\377\004\044\004\103\004\075\004\072\004\106\004\070\004\117\000\040\004\072\004\076\004\073\004\065\004\101\004\070\004\072\004\060}{subsection.8.6}% 60
\BOOKMARK [3][-]{subsubsection.8.6.8}{\376\377\004\044\004\103\004\075\004\072\004\106\004\070\004\117\000\040\004\100\004\070\004\101\004\076\004\062\004\060\004\075\004\070\004\117\000\040\004\072\004\103\004\061\004\060}{subsection.8.6}% 61
\BOOKMARK [3][-]{subsubsection.8.6.9}{\376\377\004\024\004\100\004\103\004\063\004\070\004\065\000\040\004\062\004\065\004\100\004\101\004\070\004\070}{subsection.8.6}% 62
\BOOKMARK [3][-]{subsubsection.8.6.10}{\376\377\004\024\004\076\004\077\004\076\004\073\004\075\004\070\004\102\004\065\004\073\004\114\004\075\004\113\004\065\000\040\004\077\004\100\004\070\004\074\004\065\004\100\004\113\000\040\004\100\004\060\004\061\004\076\004\102\004\113\000\040\004\077\004\100\004\070\004\073\004\076\004\066\004\065\004\075\004\070\004\117}{subsection.8.6}% 63
\BOOKMARK [2][-]{subsection.8.7}{\376\377\004\024\004\076\004\077\004\076\004\073\004\075\004\065\004\075\004\070\004\117}{section.8}% 64
\BOOKMARK [3][-]{subsubsection.8.7.1}{\376\377\000L\000a\000T\000e\000X}{subsection.8.7}% 65
\BOOKMARK [3][-]{subsubsection.8.7.2}{\376\377\004\037\004\076\004\062\004\102\004\076\004\100\000\040\004\077\004\100\004\076\004\065\004\072\004\102\004\060}{subsection.8.7}% 66
\BOOKMARK [3][-]{subsubsection.8.7.3}{\376\377\004\046\004\065\004\075\004\060}{subsection.8.7}% 67
\BOOKMARK [1][-]{section.9}{\376\377\004\036\004\061\004\073\004\060\004\101\004\102\004\070\000\040\004\077\004\100\004\070\004\074\004\065\004\075\004\065\004\075\004\070\004\117\000\040\004\070\000\040\004\077\004\073\004\060\004\075\004\113\000\040\004\075\004\060\000\040\004\101\004\073\004\065\004\064\004\103\004\116\004\111\004\070\004\065\000\040\004\062\004\065\004\100\004\101\004\070\004\070}{}% 68
\BOOKMARK [1][-]{section.10}{\376\377\004\041\004\077\004\070\004\101\004\076\004\072\000\040\004\070\004\101\004\077\004\076\004\073\004\114\004\067\004\076\004\062\004\060\004\075\004\075\004\076\004\071\000\040\004\073\004\070\004\102\004\065\004\100\004\060\004\102\004\103\004\100\004\113}{}% 69
\BOOKMARK [2][-]{subsection.10.1}{\376\377\004\030\004\075\004\102\004\065\004\100\004\075\004\065\004\102\000-\004\064\004\076\004\072\004\103\004\074\004\065\004\075\004\102\004\113\000:}{section.10}% 70
\BOOKMARK [2][-]{subsection.10.2}{\376\377\004\034\004\076\004\075\004\076\004\063\004\100\004\060\004\104\004\070\004\070\000\050\004\072\004\075\004\070\004\063\004\070\000\051\000:}{section.10}% 71
